<?xml version="1.0" encoding="UTF-8"?>
<!-- Generated by org.testng.reporters.JUnitReportReporter -->
<testsuite skipped="0" hostname="hp-PC" name="com.test.TestRunner.TestRunner" tests="2" failures="0" timestamp="26 Apr 2020 06:50:16 GMT" time="54.876" errors="0">
  <testcase name="feature" time="29.570" classname="com.test.TestRunner.TestRunner"/>
  <testcase name="feature" time="25.306" classname="com.test.TestRunner.TestRunner"/>
</testsuite> <!-- com.test.TestRunner.TestRunner -->
